Compiling VVP ...
 ... VVP file version 11.0 (stable) (v11_0-dirty)
Compile cleanup...
 ...       11 functors (net_fun pool=524288 bytes)
                  3 logic
                  0 bufif
                  0 resolv
                  6 signals
 ...        9 filters (net_fil pool=524288 bytes)
 ...      104 opcodes (24576 bytes)
 ...       18 nets
 ...       11 vvp_nets (1048544 bytes)
 ...        0 arrays (0 words)
 ...        0 memories
                  0 logic (0 words)
                  0 real (0 words)
 ...        3 scopes
 ... 0.008594 seconds, 16168.0/6980.0/4704.0 KBytes size/rss/shared
Running ...
 ...execute EndOfCompile callbacks
 ...propagate initialization events
 ...execute StartOfSim callbacks
 ...run scheduler
 ...execute Postsim callbacks
 ... 0.000515 seconds, 16168.0/6980.0/4704.0 KBytes size/rss/shared
Event counts:
          14 time steps (pool=113)
          24 thread schedule events
          19 assign events
             ...assign(vec4) pool=9362
             ...assign(vec8) pool=204
             ...assign(real) pool=256
             ...assign(word) pool=128
             ...assign(word/r) pool=204
          32 other events (pool=4096)
